/storage/home/mnk5428/work/Anaconda/envs/quast_env/bin/quast.py -o /scratch/mnk5428/kenyans/QUAST_Analysis/GCA_019362235.1_ASM1936223v1_genomic /scratch/mnk5428/kenyans/data/GCA_019362235.1_ASM1936223v1_genomic.fna

Version: 5.2.0

System information:
  OS: Linux-4.18.0-513.18.1.el8_9.x86_64-x86_64-with-glibc2.28 (linux_64)
  Python version: 3.12.2
  CPUs number: 24

Started: 2024-04-02 04:40:05

Logging to /scratch/mnk5428/kenyans/QUAST_Analysis/GCA_019362235.1_ASM1936223v1_genomic/quast.log
NOTICE: Maximum number of threads is set to 6 (use --threads option to set it manually)

CWD: /scratch/mnk5428
Main parameters: 
  MODE: default, threads: 6, min contig length: 500, min alignment length: 65, min alignment IDY: 95.0, \
  ambiguity: one, min local misassembly length: 200, min extensive misassembly length: 1000

WARNING: Can't draw plots: python-matplotlib is missing or corrupted.

Contigs:
  Pre-processing...
  /scratch/mnk5428/kenyans/data/GCA_019362235.1_ASM1936223v1_genomic.fna ==> GCA_019362235.1_ASM1936223v1_genomic

2024-04-02 04:40:05
Running Basic statistics processor...
  Contig files: 
    GCA_019362235.1_ASM1936223v1_genomic
  Calculating N50 and L50...
    GCA_019362235.1_ASM1936223v1_genomic, N50 = 258443, L50 = 5, auN = 351703.5, Total length = 4852514, GC % = 52.16, # N's per 100 kbp =  2.43
Done.

NOTICE: Genes are not predicted by default. Use --gene-finding or --glimmer option to enable it.

2024-04-02 04:40:06
Creating large visual summaries...
This may take a while: press Ctrl-C to skip this step..
  1 of 1: Creating Icarus viewers...
Done

2024-04-02 04:40:06
RESULTS:
  Text versions of total report are saved to /scratch/mnk5428/kenyans/QUAST_Analysis/GCA_019362235.1_ASM1936223v1_genomic/report.txt, report.tsv, and report.tex
  Text versions of transposed total report are saved to /scratch/mnk5428/kenyans/QUAST_Analysis/GCA_019362235.1_ASM1936223v1_genomic/transposed_report.txt, transposed_report.tsv, and transposed_report.tex
  HTML version (interactive tables and plots) is saved to /scratch/mnk5428/kenyans/QUAST_Analysis/GCA_019362235.1_ASM1936223v1_genomic/report.html
  Icarus (contig browser) is saved to /scratch/mnk5428/kenyans/QUAST_Analysis/GCA_019362235.1_ASM1936223v1_genomic/icarus.html
  Log is saved to /scratch/mnk5428/kenyans/QUAST_Analysis/GCA_019362235.1_ASM1936223v1_genomic/quast.log

Finished: 2024-04-02 04:40:06
Elapsed time: 0:00:00.549476
NOTICEs: 2; WARNINGs: 1; non-fatal ERRORs: 0

Thank you for using QUAST!
